<?xml version="1.0" encoding="UTF-8"?>
<!-- Generated by org.testng.reporters.JUnitReportReporter -->
<testsuite hostname="LAPTOP-RVI76CRO" failures="0" tests="2" name="variousConcepts.LoginTest" time="10.272" errors="0" timestamp="2022-10-14T00:32:26 CDT" skipped="0">
  <testcase classname="variousConcepts.LoginTest" name="loginTest" time="3.414"/>
  <system-out/>
  <testcase classname="variousConcepts.LoginTest" name="addCustomer" time="6.858"/>
  <system-out/>
</testsuite> <!-- variousConcepts.LoginTest -->
